# JRE version: Java(TM) SE Runtime Environment (11.0.1+13) (build 11.0.1+13-LTS)
# Java VM: Java HotSpot(TM) 64-Bit Server VM (11.0.1+13-LTS, mixed mode, tiered, compressed oops, g1 gc, linux-amd64)
Heap:
 garbage-first heap   total 530432K, used 133755K [0x0000000710e00000, 0x0000000800000000)
  region size 1024K, 45 young (46080K), 15 survivors (15360K)
 Metaspace       used 93915K, capacity 95781K, committed 96076K, reserved 1134592K
  class space    used 11192K, capacity 11737K, committed 11852K, reserved 1048576K
GC Heap History (10 events):
Event: 18,540 GC heap before
{Heap before GC invocations=15 (full 0):
 garbage-first heap   total 374784K, used 262111K [0x0000000710e00000, 0x0000000800000000)
  region size 1024K, 213 young (218112K), 28 survivors (28672K)
 Metaspace       used 82509K, capacity 83813K, committed 84300K, reserved 1122304K
  class space    used 10384K, capacity 10827K, committed 10828K, reserved 1048576K
}
Event: 18,625 GC heap after
{Heap after GC invocations=16 (full 0):
 garbage-first heap   total 374784K, used 81215K [0x0000000710e00000, 0x0000000800000000)
  region size 1024K, 12 young (12288K), 12 survivors (12288K)
 Metaspace       used 82509K, capacity 83813K, committed 84300K, reserved 1122304K
  class space    used 10384K, capacity 10827K, committed 10828K, reserved 1048576K
}
Event: 22,586 GC heap before
{Heap before GC invocations=16 (full 0):
 garbage-first heap   total 374784K, used 272703K [0x0000000710e00000, 0x0000000800000000)
  region size 1024K, 199 young (203776K), 12 survivors (12288K)
 Metaspace       used 83819K, capacity 85167K, committed 85708K, reserved 1124352K
  class space    used 10390K, capacity 10838K, committed 10956K, reserved 1048576K
}
Event: 22,662 GC heap after
{Heap after GC invocations=17 (full 0):
 garbage-first heap   total 530432K, used 93503K [0x0000000710e00000, 0x0000000800000000)
  region size 1024K, 24 young (24576K), 24 survivors (24576K)
 Metaspace       used 83819K, capacity 85167K, committed 85708K, reserved 1124352K
  class space    used 10390K, capacity 10838K, committed 10956K, reserved 1048576K
}
Event: 28,187 GC heap before
{Heap before GC invocations=17 (full 0):
 garbage-first heap   total 530432K, used 332095K [0x0000000710e00000, 0x0000000800000000)
  region size 1024K, 258 young (264192K), 24 survivors (24576K)
 Metaspace       used 86904K, capacity 88264K, committed 88652K, reserved 1126400K
  class space    used 10572K, capacity 11034K, committed 11084K, reserved 1048576K
}
Event: 28,237 GC heap after
{Heap after GC invocations=18 (full 0):
 garbage-first heap   total 530432K, used 103589K [0x0000000710e00000, 0x0000000800000000)
  region size 1024K, 15 young (15360K), 15 survivors (15360K)
 Metaspace       used 86904K, capacity 88264K, committed 88652K, reserved 1126400K
  class space    used 10572K, capacity 11034K, committed 11084K, reserved 1048576K
}
Event: 32,633 GC heap before
{Heap before GC invocations=18 (full 0):
 garbage-first heap   total 530432K, used 402597K [0x0000000710e00000, 0x0000000800000000)
  region size 1024K, 307 young (314368K), 15 survivors (15360K)
 Metaspace       used 90016K, capacity 91799K, committed 91980K, reserved 1130496K
  class space    used 10741K, capacity 11296K, committed 11340K, reserved 1048576K
}
Event: 32,655 GC heap after
{Heap after GC invocations=19 (full 0):
 garbage-first heap   total 530432K, used 97957K [0x0000000710e00000, 0x0000000800000000)
  region size 1024K, 9 young (9216K), 9 survivors (9216K)
 Metaspace       used 90016K, capacity 91799K, committed 91980K, reserved 1130496K
  class space    used 10741K, capacity 11296K, committed 11340K, reserved 1048576K
}
Event: 39,428 GC heap before
{Heap before GC invocations=19 (full 0):
 garbage-first heap   total 530432K, used 405157K [0x0000000710e00000, 0x0000000800000000)
  region size 1024K, 310 young (317440K), 9 survivors (9216K)
 Metaspace       used 93822K, capacity 95653K, committed 95820K, reserved 1132544K
  class space    used 11192K, capacity 11737K, committed 11852K, reserved 1048576K
}
Event: 39,503 GC heap after
{Heap after GC invocations=20 (full 0):
 garbage-first heap   total 530432K, used 104059K [0x0000000710e00000, 0x0000000800000000)
  region size 1024K, 15 young (15360K), 15 survivors (15360K)
 Metaspace       used 93822K, capacity 95653K, committed 95820K, reserved 1132544K
  class space    used 11192K, capacity 11737K, committed 11852K, reserved 1048576K
}

